\BOOKMARK [0][-]{chapter.1}{Brief\040introduction\040to\040LaTeX\040}{}% 1
\BOOKMARK [1][-]{section.1.1}{Basic\040idea\040of\040LaTeX\040}{chapter.1}% 2
\BOOKMARK [1][-]{section.1.2}{A\040simple\040LaTeX\040document}{chapter.1}% 3
\BOOKMARK [1][-]{section.1.3}{LaTeX\040editor\040recommendations}{chapter.1}% 4
\BOOKMARK [2][-]{subsection.1.3.1}{LaTeX\040only\040editors}{section.1.3}% 5
\BOOKMARK [2][-]{subsection.1.3.2}{LaTeX\040and\040Python\040editors}{section.1.3}% 6
\BOOKMARK [1][-]{section.1.4}{How\040to\040include\040mathematics\040into\040LaTeX\040}{chapter.1}% 7
\BOOKMARK [2][-]{subsection.1.4.1}{Inline\040equations}{section.1.4}% 8
\BOOKMARK [2][-]{subsection.1.4.2}{Centered\040and\040un-numbered\040equations}{section.1.4}% 9
\BOOKMARK [2][-]{subsection.1.4.3}{Subscripts\040&\040superscripts}{section.1.4}% 10
\BOOKMARK [2][-]{subsection.1.4.4}{Numbered\040equations}{section.1.4}% 11
\BOOKMARK [1][-]{section.1.5}{How\040to\040include\040Python\040code\040in\040your\040LaTeX\040document}{chapter.1}% 12
\BOOKMARK [2][-]{subsection.1.5.1}{Short\040code\040snippet}{section.1.5}% 13
\BOOKMARK [2][-]{subsection.1.5.2}{Extended\040Section\040of\040Code}{section.1.5}% 14
\BOOKMARK [1][-]{section.1.6}{Final\040Words\040on\040LaTeX\040}{chapter.1}% 15
\BOOKMARK [0][-]{chapter.2}{Python\040Basics}{}% 16
\BOOKMARK [1][-]{section.2.1}{General\040Overview;\040Ways\040of\040interacting\040with\040Python}{chapter.2}% 17
\BOOKMARK [2][-]{subsection.2.1.1}{Terminal–based Python}{section.2.1}% 18
\BOOKMARK [2][-]{subsection.2.1.2}{ipython qtconsole –pylab=inline }{section.2.1}% 19
\BOOKMARK [2][-]{subsection.2.1.3}{ipython notebook –pylab=inline }{section.2.1}% 20
\BOOKMARK [2][-]{subsection.2.1.4}{Integrated\040Development\040Environments\040}{section.2.1}% 21
\BOOKMARK [1][-]{section.2.2}{Using\040Python}{chapter.2}% 22
\BOOKMARK [2][-]{subsection.2.2.1}{Python\040as\040an\040Interactive\040Calculator}{section.2.2}% 23
\BOOKMARK [2][-]{subsection.2.2.2}{Higher\040Mathematics:\040the\040math\040library}{section.2.2}% 24
\BOOKMARK [2][-]{subsection.2.2.3}{Python\040libraries:\040Loading\040and\040getting\040help}{section.2.2}% 25
\BOOKMARK [2][-]{subsection.2.2.4}{Four\040methods\040of\040loading\040libraries}{section.2.2}% 26
\BOOKMARK [1][-]{section.2.3}{Variable\040types\040and\040data\040structures\040in\040Python}{chapter.2}% 27
\BOOKMARK [2][-]{subsection.2.3.1}{Assignment\040Statements;\040integers,\040floating\040points,\040&\040strings}{section.2.3}% 28
\BOOKMARK [2][-]{subsection.2.3.2}{Variable\040Naming}{section.2.3}% 29
\BOOKMARK [2][-]{subsection.2.3.3}{Boolean\040Integers}{section.2.3}% 30
\BOOKMARK [2][-]{subsection.2.3.4}{Complex\040Numbers\040}{section.2.3}% 31
\BOOKMARK [2][-]{subsection.2.3.5}{Strings}{section.2.3}% 32
\BOOKMARK [2][-]{subsection.2.3.6}{Lists}{section.2.3}% 33
\BOOKMARK [2][-]{subsection.2.3.7}{List\040Comprehensions}{section.2.3}% 34
\BOOKMARK [2][-]{subsection.2.3.8}{Tuples}{section.2.3}% 35
\BOOKMARK [2][-]{subsection.2.3.9}{Dictionaries}{section.2.3}% 36
\BOOKMARK [1][-]{section.2.4}{Flow\040Control:\040if,\040while,\040for}{chapter.2}% 37
\BOOKMARK [2][-]{subsection.2.4.1}{if\040Statements}{section.2.4}% 38
\BOOKMARK [2][-]{subsection.2.4.2}{while\040Statements}{section.2.4}% 39
\BOOKMARK [2][-]{subsection.2.4.3}{for\040Statements}{section.2.4}% 40
\BOOKMARK [1][-]{section.2.5}{Other\040Methods\040of\040iterating\040in\040Python}{chapter.2}% 41
\BOOKMARK [1][-]{section.2.6}{Numpy}{chapter.2}% 42
\BOOKMARK [2][-]{subsection.2.6.1}{Numpy\040vectors}{section.2.6}% 43
\BOOKMARK [2][-]{subsection.2.6.2}{Refering\040to\040subsets\040of\040numpy\040vectors:\040slicing}{section.2.6}% 44
\BOOKMARK [2][-]{subsection.2.6.3}{Other\040ways\040to\040create\040vectors}{section.2.6}% 45
\BOOKMARK [2][-]{subsection.2.6.4}{Random\040number\040generation}{section.2.6}% 46
\BOOKMARK [2][-]{subsection.2.6.5}{2d\040arrays\040in\040numpy}{section.2.6}% 47
\BOOKMARK [2][-]{subsection.2.6.6}{Slicing\040and\040Masking\040to\040select\040sub-arrays}{section.2.6}% 48
\BOOKMARK [2][-]{subsection.2.6.7}{3d\040surface\040plots}{section.2.6}% 49
\BOOKMARK [2][-]{subsection.2.6.8}{Reading\040and\040writing\040data\040files}{section.2.6}% 50
\BOOKMARK [1][-]{section.2.7}{First\040Python\040Program}{chapter.2}% 51
\BOOKMARK [2][-]{subsection.2.7.1}{Discussion\040of\040Code}{section.2.7}% 52
\BOOKMARK [1][-]{section.2.8}{Second\040Python\040Program}{chapter.2}% 53
\BOOKMARK [2][-]{subsection.2.8.1}{Running\040the\040script}{section.2.8}% 54
\BOOKMARK [2][-]{subsection.2.8.2}{Discussion\040of\040the\040Script}{section.2.8}% 55
\BOOKMARK [1][-]{section.2.9}{Saving\040Functions\040as\040Modules}{chapter.2}% 56
\BOOKMARK [2][-]{subsection.2.9.1}{A\040further\040change;\040all\040looping\040done\040using\040numpy}{section.2.9}% 57
\BOOKMARK [1][-]{section.2.10}{General\040Guidelines\040for\040Programming}{chapter.2}% 58
\BOOKMARK [1][-]{section.2.11}{First\040two\040Python\040programs\040in\040the\040iPython\040Notebook}{chapter.2}% 59
\BOOKMARK [1][-]{section.2.12}{Python\040References}{chapter.2}% 60
\BOOKMARK [1][-]{section*.22}{Problems}{chapter.2}% 61
\BOOKMARK [0][-]{chapter.3}{Kinematics\040in\040One\040and\040Two\040Dimensions}{}% 62
\BOOKMARK [1][-]{section.3.1}{Motion\040in\040one\040dimension:\040Linear\040Air\040Resistance}{chapter.3}% 63
\BOOKMARK [2][-]{subsection.3.1.1}{Theoretical\040Picture}{section.3.1}% 64
\BOOKMARK [2][-]{subsection.3.1.2}{Simulation\040of\040Linear\040Drag}{section.3.1}% 65
\BOOKMARK [2][-]{subsection.3.1.3}{Simulation\040of\040Linear\040Drag:\040argparse\040package}{section.3.1}% 66
\BOOKMARK [1][-]{section.3.2}{Projectile\040Motion\040in\040Two\040Dimensions}{chapter.3}% 67
\BOOKMARK [2][-]{subsection.3.2.1}{The Euler–Cromer Method}{section.3.2}% 68
\BOOKMARK [1][-]{section.3.3}{Planetary\040Motion\040in\040Two\040Dimensions}{chapter.3}% 69
\BOOKMARK [2][-]{subsection.3.3.1}{Euler-Cromer\040equations\040for\0402\040body\040gravitating\040system}{section.3.3}% 70
\BOOKMARK [2][-]{subsection.3.3.2}{Natural\040units\040for\040the\040gravitating\040system}{section.3.3}% 71
\BOOKMARK [2][-]{subsection.3.3.3}{Flowchart\040for\040simulating\040our\040two-body\040system}{section.3.3}% 72
\BOOKMARK [1][-]{section*.35}{Problems}{chapter.3}% 73
\BOOKMARK [0][-]{appendix.A}{Guidelines\040for\040Reports}{}% 74
\BOOKMARK [1][-]{section.A.1}{General\040Overview}{appendix.A}% 75
\BOOKMARK [1][-]{section.A.2}{Formal\040Reports}{appendix.A}% 76
\BOOKMARK [0][-]{appendix.B}{Digital\040Submission\040of\040Reports}{}% 77
\BOOKMARK [1][-]{section.B.1}{Folder\040Structure}{appendix.B}% 78
\BOOKMARK [0][-]{appendix.C}{General\040Guidelines\040for\040Programming}{}% 79
\BOOKMARK [0][-]{appendix*.38}{References}{}% 80
